C:\WORK\DVIEW\VC2012_WX3_UNICODE\VC_MSWUD\WEXLIB\DVDCCTRL.OBJ
C:\WORK\DVIEW\VC2012_WX3_UNICODE\VC_MSWUD\WEXLIB\DVPLOTCTRLSETTINGS.OBJ
C:\WORK\DVIEW\VC2012_WX3_UNICODE\VC_MSWUD\WEXLIB\DVPNCDFCTRL.OBJ
C:\WORK\DVIEW\VC2012_WX3_UNICODE\VC_MSWUD\WEXLIB\DVTIMESERIESCTRL.OBJ
C:\WORK\DVIEW\VC2012_WX3_UNICODE\VC_MSWUD\WEXLIB\METRO.OBJ
C:\WORK\DVIEW\VC2012_WX3_UNICODE\VC_MSWUD\WEXLIB\EXCELAUTO.OBJ
C:\WORK\DVIEW\VC2012_WX3_UNICODE\VC_MSWUD\WEXLIB\PDFBARCODE.OBJ
C:\WORK\DVIEW\VC2012_WX3_UNICODE\VC_MSWUD\WEXLIB\PDFDC.OBJ
C:\WORK\DVIEW\VC2012_WX3_UNICODE\VC_MSWUD\WEXLIB\PDFFONT.OBJ
C:\WORK\DVIEW\VC2012_WX3_UNICODE\VC_MSWUD\WEXLIB\PDFFONTDATATRUETYPE.OBJ
C:\WORK\DVIEW\VC2012_WX3_UNICODE\VC_MSWUD\WEXLIB\PDFFONTDETAILS.OBJ
C:\WORK\DVIEW\VC2012_WX3_UNICODE\VC_MSWUD\WEXLIB\PDFFONTPARSERTYPE1.OBJ
C:\WORK\DVIEW\VC2012_WX3_UNICODE\VC_MSWUD\WEXLIB\PDFFORM.OBJ
C:\WORK\DVIEW\VC2012_WX3_UNICODE\VC_MSWUD\WEXLIB\PDFKERNEL.OBJ
C:\WORK\DVIEW\VC2012_WX3_UNICODE\VC_MSWUD\WEXLIB\PDFPATTERN.OBJ
C:\WORK\DVIEW\VC2012_WX3_UNICODE\VC_MSWUD\WEXLIB\PDFUTILITY.OBJ
C:\WORK\DVIEW\VC2012_WX3_UNICODE\VC_MSWUD\WEXLIB\PLHISTPLOT.OBJ
C:\WORK\DVIEW\VC2012_WX3_UNICODE\VC_MSWUD\WEXLIB\PLSCATTERPLOT.OBJ
C:\WORK\DVIEW\VC2012_WX3_UNICODE\VC_MSWUD\WEXLIB\CODEEDIT.OBJ
C:\WORK\DVIEW\VC2012_WX3_UNICODE\VC_MSWUD\WEXLIB\DVPLOTCTRL.OBJ
C:\WORK\DVIEW\VC2012_WX3_UNICODE\VC_MSWUD\WEXLIB\DVPROFILECTRL.OBJ
C:\WORK\DVIEW\VC2012_WX3_UNICODE\VC_MSWUD\WEXLIB\DVTIMESERIESDATASET.OBJ
C:\WORK\DVIEW\VC2012_WX3_UNICODE\VC_MSWUD\WEXLIB\JSONREADER.OBJ
C:\WORK\DVIEW\VC2012_WX3_UNICODE\VC_MSWUD\WEXLIB\LKSCRIPT.OBJ
C:\WORK\DVIEW\VC2012_WX3_UNICODE\VC_MSWUD\WEXLIB\IEHTMLWIN.OBJ
C:\WORK\DVIEW\VC2012_WX3_UNICODE\VC_MSWUD\WEXLIB\PDFCFFINDEX.OBJ
C:\WORK\DVIEW\VC2012_WX3_UNICODE\VC_MSWUD\WEXLIB\PDFDOCUMENT.OBJ
C:\WORK\DVIEW\VC2012_WX3_UNICODE\VC_MSWUD\WEXLIB\PDFFONTDATACORE.OBJ
C:\WORK\DVIEW\VC2012_WX3_UNICODE\VC_MSWUD\WEXLIB\PDFFONTDATATYPE1.OBJ
C:\WORK\DVIEW\VC2012_WX3_UNICODE\VC_MSWUD\WEXLIB\PDFFONTMANAGER.OBJ
C:\WORK\DVIEW\VC2012_WX3_UNICODE\VC_MSWUD\WEXLIB\PDFFONTSUBSETCFF.OBJ
C:\WORK\DVIEW\VC2012_WX3_UNICODE\VC_MSWUD\WEXLIB\PDFGRADIENT.OBJ
C:\WORK\DVIEW\VC2012_WX3_UNICODE\VC_MSWUD\WEXLIB\PDFLAYER.OBJ
C:\WORK\DVIEW\VC2012_WX3_UNICODE\VC_MSWUD\WEXLIB\PDFPARSER.OBJ
C:\WORK\DVIEW\VC2012_WX3_UNICODE\VC_MSWUD\WEXLIB\PDFTEMPLATE.OBJ
C:\WORK\DVIEW\VC2012_WX3_UNICODE\VC_MSWUD\WEXLIB\PLBARPLOT.OBJ
C:\WORK\DVIEW\VC2012_WX3_UNICODE\VC_MSWUD\WEXLIB\PLPLOTCTRL.OBJ
C:\WORK\DVIEW\VC2012_WX3_UNICODE\VC_MSWUD\WEXLIB\DVAUTOCOLOURASSIGNER.OBJ
C:\WORK\DVIEW\VC2012_WX3_UNICODE\VC_MSWUD\WEXLIB\DVFILEDATASET.OBJ
C:\WORK\DVIEW\VC2012_WX3_UNICODE\VC_MSWUD\WEXLIB\DVSCATTERPLOTCTRL.OBJ
C:\WORK\DVIEW\VC2012_WX3_UNICODE\VC_MSWUD\WEXLIB\EXTGRID.OBJ
C:\WORK\DVIEW\VC2012_WX3_UNICODE\VC_MSWUD\WEXLIB\JSONWRITER.OBJ
C:\WORK\DVIEW\VC2012_WX3_UNICODE\VC_MSWUD\WEXLIB\SCHED.OBJ
C:\WORK\DVIEW\VC2012_WX3_UNICODE\VC_MSWUD\WEXLIB\ACTIVEX.OBJ
C:\WORK\DVIEW\VC2012_WX3_UNICODE\VC_MSWUD\WEXLIB\PDFCFFDECODER.OBJ
C:\WORK\DVIEW\VC2012_WX3_UNICODE\VC_MSWUD\WEXLIB\PDFDECODE.OBJ
C:\WORK\DVIEW\VC2012_WX3_UNICODE\VC_MSWUD\WEXLIB\PDFENCRYPT.OBJ
C:\WORK\DVIEW\VC2012_WX3_UNICODE\VC_MSWUD\WEXLIB\PDFFONTDATAOPENTYPE.OBJ
C:\WORK\DVIEW\VC2012_WX3_UNICODE\VC_MSWUD\WEXLIB\PDFFONTDESCRIPTION.OBJ
C:\WORK\DVIEW\VC2012_WX3_UNICODE\VC_MSWUD\WEXLIB\PDFFONTPARSER.OBJ
C:\WORK\DVIEW\VC2012_WX3_UNICODE\VC_MSWUD\WEXLIB\PDFFONTSUBSETTRUETYPE.OBJ
C:\WORK\DVIEW\VC2012_WX3_UNICODE\VC_MSWUD\WEXLIB\PDFIMAGE.OBJ
C:\WORK\DVIEW\VC2012_WX3_UNICODE\VC_MSWUD\WEXLIB\PDFOCG.OBJ
C:\WORK\DVIEW\VC2012_WX3_UNICODE\VC_MSWUD\WEXLIB\PDFRIJNDAEL.OBJ
C:\WORK\DVIEW\VC2012_WX3_UNICODE\VC_MSWUD\WEXLIB\PDFXML.OBJ
C:\WORK\DVIEW\VC2012_WX3_UNICODE\VC_MSWUD\WEXLIB\UTILS.OBJ
C:\WORK\DVIEW\VC2012_WX3_UNICODE\VC_MSWUD\WEXLIB\DVCOLOURMAP.OBJ
C:\WORK\DVIEW\VC2012_WX3_UNICODE\VC_MSWUD\WEXLIB\DVDMAPCTRL.OBJ
C:\WORK\DVIEW\VC2012_WX3_UNICODE\VC_MSWUD\WEXLIB\DVPLOTHELPER.OBJ
C:\WORK\DVIEW\VC2012_WX3_UNICODE\VC_MSWUD\WEXLIB\DVSELECTIONLIST.OBJ
C:\WORK\DVIEW\VC2012_WX3_UNICODE\VC_MSWUD\WEXLIB\JSONVAL.OBJ
C:\WORK\DVIEW\VC2012_WX3_UNICODE\VC_MSWUD\WEXLIB\MD5.OBJ
C:\WORK\DVIEW\VC2012_WX3_UNICODE\VC_MSWUD\WEXLIB\NUMERIC.OBJ
C:\WORK\DVIEW\VC2012_WX3_UNICODE\VC_MSWUD\WEXLIB\PDFANNOTATION.OBJ
C:\WORK\DVIEW\VC2012_WX3_UNICODE\VC_MSWUD\WEXLIB\PDFCOLOUR.OBJ
C:\WORK\DVIEW\VC2012_WX3_UNICODE\VC_MSWUD\WEXLIB\PDFENCODING.OBJ
C:\WORK\DVIEW\VC2012_WX3_UNICODE\VC_MSWUD\WEXLIB\PDFFONTDATA.OBJ
C:\WORK\DVIEW\VC2012_WX3_UNICODE\VC_MSWUD\WEXLIB\PDFFONTDATATYPE0.OBJ
C:\WORK\DVIEW\VC2012_WX3_UNICODE\VC_MSWUD\WEXLIB\PDFFONTEXTENDED.OBJ
C:\WORK\DVIEW\VC2012_WX3_UNICODE\VC_MSWUD\WEXLIB\PDFFONTPARSERTRUETYPE.OBJ
C:\WORK\DVIEW\VC2012_WX3_UNICODE\VC_MSWUD\WEXLIB\PDFFONTVOLT.OBJ
C:\WORK\DVIEW\VC2012_WX3_UNICODE\VC_MSWUD\WEXLIB\PDFGRAPHICS.OBJ
C:\WORK\DVIEW\VC2012_WX3_UNICODE\VC_MSWUD\WEXLIB\PDFOBJECTS.OBJ
C:\WORK\DVIEW\VC2012_WX3_UNICODE\VC_MSWUD\WEXLIB\PDFPRINT.OBJ
C:\WORK\DVIEW\VC2012_WX3_UNICODE\VC_MSWUD\WEXLIB\PLAXIS.OBJ
C:\WORK\DVIEW\VC2012_WX3_UNICODE\VC_MSWUD\WEXLIB\PLLINEPLOT.OBJ
C:\WORK\DVIEW\VC2012_WX3_UNICODE\VC_MSWUD\WEXLIB\RIBBONBOOK.OBJ
C:\WORK\DVIEW\VC2012_WX3_UNICODE\VC_MSWUD\WEX.PDB
C:\WORK\DVIEW\VC2012_WX3_UNICODE\VC_MSWUD\WEXLIB\UIFORM.OBJ
C:\WORK\DVIEW\VC2012_WX3_UNICODE\VC_MSWUD\WEXLIB\EXTTEXT.OBJ
C:\WORK\DVIEW\VC2012_WX3_UNICODE\VC_MSWUD\WEXLIB\RADIOCHOICE.OBJ
C:\WORK\DVIEW\VC2012_WX3_UNICODE\VC_MSWUD\WEXLIB\LABEL.OBJ
C:\WORK\DVIEW\WEXVC12WX3D.LIB
C:\Work\DView\vc2012_wx3_unicode\vc_mswud\wexlib\activex.obj
C:\Work\DView\vc2012_wx3_unicode\vc_mswud\wexlib\codeedit.obj
C:\Work\DView\vc2012_wx3_unicode\vc_mswud\wexlib\dvautocolourassigner.obj
C:\Work\DView\vc2012_wx3_unicode\vc_mswud\wexlib\dvcolourmap.obj
C:\Work\DView\vc2012_wx3_unicode\vc_mswud\wexlib\dvdcctrl.obj
C:\Work\DView\vc2012_wx3_unicode\vc_mswud\wexlib\dvdmapctrl.obj
C:\Work\DView\vc2012_wx3_unicode\vc_mswud\wexlib\dvfiledataset.obj
C:\Work\DView\vc2012_wx3_unicode\vc_mswud\wexlib\dvplotctrl.obj
C:\Work\DView\vc2012_wx3_unicode\vc_mswud\wexlib\dvplotctrlsettings.obj
C:\Work\DView\vc2012_wx3_unicode\vc_mswud\wexlib\dvplothelper.obj
C:\Work\DView\vc2012_wx3_unicode\vc_mswud\wexlib\dvpncdfctrl.obj
C:\Work\DView\vc2012_wx3_unicode\vc_mswud\wexlib\dvprofilectrl.obj
C:\Work\DView\vc2012_wx3_unicode\vc_mswud\wexlib\dvscatterplotctrl.obj
C:\Work\DView\vc2012_wx3_unicode\vc_mswud\wexlib\dvselectionlist.obj
C:\Work\DView\vc2012_wx3_unicode\vc_mswud\wexlib\dvtimeseriesctrl.obj
C:\Work\DView\vc2012_wx3_unicode\vc_mswud\wexlib\dvtimeseriesdataset.obj
C:\Work\DView\vc2012_wx3_unicode\vc_mswud\wexlib\excelauto.obj
C:\Work\DView\vc2012_wx3_unicode\vc_mswud\wexlib\extgrid.obj
C:\Work\DView\vc2012_wx3_unicode\vc_mswud\wexlib\exttext.obj
C:\Work\DView\vc2012_wx3_unicode\vc_mswud\wexlib\iehtmlwin.obj
C:\Work\DView\vc2012_wx3_unicode\vc_mswud\wexlib\jsonreader.obj
C:\Work\DView\vc2012_wx3_unicode\vc_mswud\wexlib\jsonval.obj
C:\Work\DView\vc2012_wx3_unicode\vc_mswud\wexlib\jsonwriter.obj
C:\Work\DView\vc2012_wx3_unicode\vc_mswud\wexlib\label.obj
C:\Work\DView\vc2012_wx3_unicode\vc_mswud\wexlib\lkscript.obj
C:\Work\DView\vc2012_wx3_unicode\vc_mswud\wexlib\md5.obj
C:\Work\DView\vc2012_wx3_unicode\vc_mswud\wexlib\metro.obj
C:\Work\DView\vc2012_wx3_unicode\vc_mswud\wexlib\numeric.obj
C:\Work\DView\vc2012_wx3_unicode\vc_mswud\wexlib\pdfannotation.obj
C:\Work\DView\vc2012_wx3_unicode\vc_mswud\wexlib\pdfbarcode.obj
C:\Work\DView\vc2012_wx3_unicode\vc_mswud\wexlib\pdfcffdecoder.obj
C:\Work\DView\vc2012_wx3_unicode\vc_mswud\wexlib\pdfcffindex.obj
C:\Work\DView\vc2012_wx3_unicode\vc_mswud\wexlib\pdfcolour.obj
C:\Work\DView\vc2012_wx3_unicode\vc_mswud\wexlib\pdfdc.obj
C:\Work\DView\vc2012_wx3_unicode\vc_mswud\wexlib\pdfdecode.obj
C:\Work\DView\vc2012_wx3_unicode\vc_mswud\wexlib\pdfdocument.obj
C:\Work\DView\vc2012_wx3_unicode\vc_mswud\wexlib\pdfencoding.obj
C:\Work\DView\vc2012_wx3_unicode\vc_mswud\wexlib\pdfencrypt.obj
C:\Work\DView\vc2012_wx3_unicode\vc_mswud\wexlib\pdffont.obj
C:\Work\DView\vc2012_wx3_unicode\vc_mswud\wexlib\pdffontdata.obj
C:\Work\DView\vc2012_wx3_unicode\vc_mswud\wexlib\pdffontdatacore.obj
C:\Work\DView\vc2012_wx3_unicode\vc_mswud\wexlib\pdffontdataopentype.obj
C:\Work\DView\vc2012_wx3_unicode\vc_mswud\wexlib\pdffontdatatruetype.obj
C:\Work\DView\vc2012_wx3_unicode\vc_mswud\wexlib\pdffontdatatype0.obj
C:\Work\DView\vc2012_wx3_unicode\vc_mswud\wexlib\pdffontdatatype1.obj
C:\Work\DView\vc2012_wx3_unicode\vc_mswud\wexlib\pdffontdescription.obj
C:\Work\DView\vc2012_wx3_unicode\vc_mswud\wexlib\pdffontdetails.obj
C:\Work\DView\vc2012_wx3_unicode\vc_mswud\wexlib\pdffontextended.obj
C:\Work\DView\vc2012_wx3_unicode\vc_mswud\wexlib\pdffontmanager.obj
C:\Work\DView\vc2012_wx3_unicode\vc_mswud\wexlib\pdffontparser.obj
C:\Work\DView\vc2012_wx3_unicode\vc_mswud\wexlib\pdffontparsertruetype.obj
C:\Work\DView\vc2012_wx3_unicode\vc_mswud\wexlib\pdffontparsertype1.obj
C:\Work\DView\vc2012_wx3_unicode\vc_mswud\wexlib\pdffontsubsetcff.obj
C:\Work\DView\vc2012_wx3_unicode\vc_mswud\wexlib\pdffontsubsettruetype.obj
C:\Work\DView\vc2012_wx3_unicode\vc_mswud\wexlib\pdffontvolt.obj
C:\Work\DView\vc2012_wx3_unicode\vc_mswud\wexlib\pdfform.obj
C:\Work\DView\vc2012_wx3_unicode\vc_mswud\wexlib\pdfgradient.obj
C:\Work\DView\vc2012_wx3_unicode\vc_mswud\wexlib\pdfgraphics.obj
C:\Work\DView\vc2012_wx3_unicode\vc_mswud\wexlib\pdfimage.obj
C:\Work\DView\vc2012_wx3_unicode\vc_mswud\wexlib\pdfkernel.obj
C:\Work\DView\vc2012_wx3_unicode\vc_mswud\wexlib\pdflayer.obj
C:\Work\DView\vc2012_wx3_unicode\vc_mswud\wexlib\pdfobjects.obj
C:\Work\DView\vc2012_wx3_unicode\vc_mswud\wexlib\pdfocg.obj
C:\Work\DView\vc2012_wx3_unicode\vc_mswud\wexlib\pdfparser.obj
C:\Work\DView\vc2012_wx3_unicode\vc_mswud\wexlib\pdfpattern.obj
C:\Work\DView\vc2012_wx3_unicode\vc_mswud\wexlib\pdfprint.obj
C:\Work\DView\vc2012_wx3_unicode\vc_mswud\wexlib\pdfrijndael.obj
C:\Work\DView\vc2012_wx3_unicode\vc_mswud\wexlib\pdftemplate.obj
C:\Work\DView\vc2012_wx3_unicode\vc_mswud\wexlib\pdfutility.obj
C:\Work\DView\vc2012_wx3_unicode\vc_mswud\wexlib\pdfxml.obj
C:\Work\DView\vc2012_wx3_unicode\vc_mswud\wexlib\plaxis.obj
C:\Work\DView\vc2012_wx3_unicode\vc_mswud\wexlib\plbarplot.obj
C:\Work\DView\vc2012_wx3_unicode\vc_mswud\wexlib\plhistplot.obj
C:\Work\DView\vc2012_wx3_unicode\vc_mswud\wexlib\pllineplot.obj
C:\Work\DView\vc2012_wx3_unicode\vc_mswud\wexlib\plplotctrl.obj
C:\Work\DView\vc2012_wx3_unicode\vc_mswud\wexlib\plscatterplot.obj
C:\Work\DView\vc2012_wx3_unicode\vc_mswud\wexlib\radiochoice.obj
C:\Work\DView\vc2012_wx3_unicode\vc_mswud\wexlib\ribbonbook.obj
C:\Work\DView\vc2012_wx3_unicode\vc_mswud\wexlib\sched.obj
C:\Work\DView\vc2012_wx3_unicode\vc_mswud\wexlib\uiform.obj
C:\Work\DView\vc2012_wx3_unicode\vc_mswud\wexlib\utils.obj
C:\Work\DView\vc2012_wx3_unicode\vc_mswud\wexlib\CL.1104.read.1.tlog
C:\Work\DView\vc2012_wx3_unicode\vc_mswud\wexlib\CL.1104.write.1.tlog
C:\Work\DView\vc2012_wx3_unicode\vc_mswud\wexlib\CL.2812.read.1.tlog
C:\Work\DView\vc2012_wx3_unicode\vc_mswud\wexlib\CL.2812.write.1.tlog
C:\Work\DView\vc2012_wx3_unicode\vc_mswud\wexlib\CL.2828.read.1.tlog
C:\Work\DView\vc2012_wx3_unicode\vc_mswud\wexlib\CL.2828.write.1.tlog
C:\Work\DView\vc2012_wx3_unicode\vc_mswud\wexlib\CL.3052.read.1.tlog
C:\Work\DView\vc2012_wx3_unicode\vc_mswud\wexlib\CL.3052.write.1.tlog
C:\Work\DView\vc2012_wx3_unicode\vc_mswud\wexlib\CL.3168.read.1.tlog
C:\Work\DView\vc2012_wx3_unicode\vc_mswud\wexlib\CL.3168.write.1.tlog
C:\Work\DView\vc2012_wx3_unicode\vc_mswud\wexlib\CL.4236.read.1.tlog
C:\Work\DView\vc2012_wx3_unicode\vc_mswud\wexlib\CL.4236.write.1.tlog
C:\Work\DView\vc2012_wx3_unicode\vc_mswud\wexlib\CL.4296.read.1.tlog
C:\Work\DView\vc2012_wx3_unicode\vc_mswud\wexlib\CL.4296.write.1.tlog
C:\Work\DView\vc2012_wx3_unicode\vc_mswud\wexlib\CL.4800.read.1.tlog
C:\Work\DView\vc2012_wx3_unicode\vc_mswud\wexlib\CL.4800.write.1.tlog
C:\Work\DView\vc2012_wx3_unicode\vc_mswud\wexlib\CL.6516.read.1.tlog
C:\Work\DView\vc2012_wx3_unicode\vc_mswud\wexlib\CL.6516.write.1.tlog
C:\Work\DView\vc2012_wx3_unicode\vc_mswud\wexlib\CL.6672.read.1.tlog
C:\Work\DView\vc2012_wx3_unicode\vc_mswud\wexlib\CL.6672.write.1.tlog
C:\Work\DView\vc2012_wx3_unicode\vc_mswud\wexlib\CL.7140.read.1.tlog
C:\Work\DView\vc2012_wx3_unicode\vc_mswud\wexlib\CL.7140.write.1.tlog
C:\Work\DView\vc2012_wx3_unicode\vc_mswud\wexlib\cl.command.1.tlog
C:\Work\DView\vc2012_wx3_unicode\vc_mswud\wexlib\CL.read.1.tlog
C:\Work\DView\vc2012_wx3_unicode\vc_mswud\wexlib\CL.write.1.tlog
C:\Work\DView\vc2012_wx3_unicode\vc_mswud\wexlib\Lib-link.read.1.tlog
C:\Work\DView\vc2012_wx3_unicode\vc_mswud\wexlib\Lib-link.write.1.tlog
C:\Work\DView\vc2012_wx3_unicode\vc_mswud\wexlib\lib.command.1.tlog
C:\Work\DView\vc2012_wx3_unicode\..\wexvc12wx3d.lib
