C:\WORK\DVIEW\VC2012_WX3_UNICODE\VC_MSWUD\DVIEW\DVIEW.OBJ
C:\WORK\DVIEW\VC2012_WX3_UNICODE\VC_MSWUD\DVIEW.PDB
C:\WORK\DVIEW\VC2012_WX3_UNICODE\WIN32\DEBUG\SANDBOX.OBJ
C:\WORK\DVIEW\VC2012_WX3_UNICODE\SANDBOXD.PDB
C:\WORK\DVIEW\VC2012_WX3_UNICODE\WIN32\DEBUG\DVIEW.RES
C:\WORK\DVIEW\VC2012_WX3_UNICODE\WIN32\DEBUG\SANDBOX.RES
C:\Work\DView\vc2012_wx3_unicode\Win32\Debug\sandbox.obj
C:\Work\DView\vc2012_wx3_unicode\Win32\Debug\cl.command.1.tlog
C:\Work\DView\vc2012_wx3_unicode\Win32\Debug\CL.read.1.tlog
C:\Work\DView\vc2012_wx3_unicode\Win32\Debug\CL.write.1.tlog
C:\Work\DView\vc2012_wx3_unicode\Win32\Debug\link-cvtres.read.1.tlog
C:\Work\DView\vc2012_wx3_unicode\Win32\Debug\link-cvtres.write.1.tlog
C:\Work\DView\vc2012_wx3_unicode\Win32\Debug\link-rc.read.1.tlog
C:\Work\DView\vc2012_wx3_unicode\Win32\Debug\link-rc.write.1.tlog
C:\Work\DView\vc2012_wx3_unicode\Win32\Debug\link.4152-cvtres.read.1.tlog
C:\Work\DView\vc2012_wx3_unicode\Win32\Debug\link.4152-cvtres.write.1.tlog
C:\Work\DView\vc2012_wx3_unicode\Win32\Debug\link.4152-rc.read.1.tlog
C:\Work\DView\vc2012_wx3_unicode\Win32\Debug\link.4152-rc.write.1.tlog
C:\Work\DView\vc2012_wx3_unicode\Win32\Debug\link.4152.read.1.tlog
C:\Work\DView\vc2012_wx3_unicode\Win32\Debug\link.4152.write.1.tlog
C:\Work\DView\vc2012_wx3_unicode\Win32\Debug\link.4360-cvtres.read.1.tlog
C:\Work\DView\vc2012_wx3_unicode\Win32\Debug\link.4360-cvtres.write.1.tlog
C:\Work\DView\vc2012_wx3_unicode\Win32\Debug\link.4360-rc.read.1.tlog
C:\Work\DView\vc2012_wx3_unicode\Win32\Debug\link.4360-rc.write.1.tlog
C:\Work\DView\vc2012_wx3_unicode\Win32\Debug\link.4360.read.1.tlog
C:\Work\DView\vc2012_wx3_unicode\Win32\Debug\link.4360.write.1.tlog
C:\Work\DView\vc2012_wx3_unicode\Win32\Debug\link.6936-cvtres.read.1.tlog
C:\Work\DView\vc2012_wx3_unicode\Win32\Debug\link.6936-cvtres.write.1.tlog
C:\Work\DView\vc2012_wx3_unicode\Win32\Debug\link.6936-rc.read.1.tlog
C:\Work\DView\vc2012_wx3_unicode\Win32\Debug\link.6936-rc.write.1.tlog
C:\Work\DView\vc2012_wx3_unicode\Win32\Debug\link.6936.read.1.tlog
C:\Work\DView\vc2012_wx3_unicode\Win32\Debug\link.6936.write.1.tlog
C:\Work\DView\vc2012_wx3_unicode\Win32\Debug\link.6976-cvtres.read.1.tlog
C:\Work\DView\vc2012_wx3_unicode\Win32\Debug\link.6976-cvtres.write.1.tlog
C:\Work\DView\vc2012_wx3_unicode\Win32\Debug\link.6976-rc.read.1.tlog
C:\Work\DView\vc2012_wx3_unicode\Win32\Debug\link.6976-rc.write.1.tlog
C:\Work\DView\vc2012_wx3_unicode\Win32\Debug\link.6976.read.1.tlog
C:\Work\DView\vc2012_wx3_unicode\Win32\Debug\link.6976.write.1.tlog
C:\Work\DView\vc2012_wx3_unicode\Win32\Debug\link.command.1.tlog
C:\Work\DView\vc2012_wx3_unicode\Win32\Debug\link.read.1.tlog
C:\Work\DView\vc2012_wx3_unicode\Win32\Debug\link.write.1.tlog
C:\Work\DView\vc2012_wx3_unicode\Win32\Debug\rc.command.1.tlog
C:\Work\DView\vc2012_wx3_unicode\Win32\Debug\rc.read.1.tlog
C:\Work\DView\vc2012_wx3_unicode\Win32\Debug\rc.write.1.tlog
C:\Work\DView\vc2012_wx3_unicode\Win32\Debug\dview.res
C:\Work\DView\vc2012_wx3_unicode\Win32\Debug\sandbox.res
