c:\work\dview\vc2013_wx3\wexvc13wx3\win32\debug\codeedit.obj
c:\work\dview\vc2013_wx3\wexvc13wx3\win32\debug\csv.obj
c:\work\dview\vc2013_wx3\wexvc13wx3\win32\debug\dvautocolourassigner.obj
c:\work\dview\vc2013_wx3\wexvc13wx3\win32\debug\dvcolourmap.obj
c:\work\dview\vc2013_wx3\wexvc13wx3\win32\debug\dvdcctrl.obj
c:\work\dview\vc2013_wx3\wexvc13wx3\win32\debug\dvdmapctrl.obj
c:\work\dview\vc2013_wx3\wexvc13wx3\win32\debug\dvplotctrl.obj
c:\work\dview\vc2013_wx3\wexvc13wx3\win32\debug\dvplotctrlsettings.obj
c:\work\dview\vc2013_wx3\wexvc13wx3\win32\debug\dvplothelper.obj
c:\work\dview\vc2013_wx3\wexvc13wx3\win32\debug\dvpncdfctrl.obj
c:\work\dview\vc2013_wx3\wexvc13wx3\win32\debug\dvprofilectrl.obj
c:\work\dview\vc2013_wx3\wexvc13wx3\win32\debug\dvscatterplotctrl.obj
c:\work\dview\vc2013_wx3\wexvc13wx3\win32\debug\dvselectionlist.obj
c:\work\dview\vc2013_wx3\wexvc13wx3\win32\debug\dvtimeseriesdataset.obj
c:\work\dview\vc2013_wx3\wexvc13wx3\win32\debug\extgrid.obj
c:\work\dview\vc2013_wx3\wexvc13wx3\win32\debug\exttext.obj
c:\work\dview\vc2013_wx3\wexvc13wx3\win32\debug\exttree.obj
c:\work\dview\vc2013_wx3\wexvc13wx3\win32\debug\jsonreader.obj
c:\work\dview\vc2013_wx3\wexvc13wx3\win32\debug\jsonval.obj
c:\work\dview\vc2013_wx3\wexvc13wx3\win32\debug\jsonwriter.obj
c:\work\dview\vc2013_wx3\wexvc13wx3\win32\debug\label.obj
c:\work\dview\vc2013_wx3\wexvc13wx3\win32\debug\lkscript.obj
c:\work\dview\vc2013_wx3\wexvc13wx3\win32\debug\md5.obj
c:\work\dview\vc2013_wx3\wexvc13wx3\win32\debug\metro.obj
c:\work\dview\vc2013_wx3\wexvc13wx3\win32\debug\radiochoice.obj
c:\work\dview\vc2013_wx3\wexvc13wx3\win32\debug\diurnal.obj
c:\work\dview\vc2013_wx3\wexvc13wx3\win32\debug\numeric.obj
c:\work\dview\vc2013_wx3\wexvc13wx3\win32\debug\activex.obj
c:\work\dview\vc2013_wx3\wexvc13wx3\win32\debug\excelauto.obj
c:\work\dview\vc2013_wx3\wexvc13wx3\win32\debug\iehtmlwin.obj
c:\work\dview\vc2013_wx3\wexvc13wx3\win32\debug\pdfannotation.obj
c:\work\dview\vc2013_wx3\wexvc13wx3\win32\debug\pdfbarcode.obj
c:\work\dview\vc2013_wx3\wexvc13wx3\win32\debug\pdfcffdecoder.obj
c:\work\dview\vc2013_wx3\wexvc13wx3\win32\debug\pdfcffindex.obj
c:\work\dview\vc2013_wx3\wexvc13wx3\win32\debug\pdfcolour.obj
c:\work\dview\vc2013_wx3\wexvc13wx3\win32\debug\pdfdc.obj
c:\work\dview\vc2013_wx3\wexvc13wx3\win32\debug\pdfdecode.obj
c:\work\dview\vc2013_wx3\wexvc13wx3\win32\debug\pdfdocument.obj
c:\work\dview\vc2013_wx3\wexvc13wx3\win32\debug\pdfencoding.obj
c:\work\dview\vc2013_wx3\wexvc13wx3\win32\debug\pdfencrypt.obj
c:\work\dview\vc2013_wx3\wexvc13wx3\win32\debug\pdffont.obj
c:\work\dview\vc2013_wx3\wexvc13wx3\win32\debug\pdffontdata.obj
c:\work\dview\vc2013_wx3\wexvc13wx3\win32\debug\pdffontdatacore.obj
c:\work\dview\vc2013_wx3\wexvc13wx3\win32\debug\pdffontdataopentype.obj
c:\work\dview\vc2013_wx3\wexvc13wx3\win32\debug\pdffontdatatruetype.obj
c:\work\dview\vc2013_wx3\wexvc13wx3\win32\debug\pdffontdatatype0.obj
c:\work\dview\vc2013_wx3\wexvc13wx3\win32\debug\pdffontdatatype1.obj
c:\work\dview\vc2013_wx3\wexvc13wx3\win32\debug\pdffontdescription.obj
c:\work\dview\vc2013_wx3\wexvc13wx3\win32\debug\pdffontdetails.obj
c:\work\dview\vc2013_wx3\wexvc13wx3\win32\debug\pdffontextended.obj
c:\work\dview\vc2013_wx3\wexvc13wx3\win32\debug\pdffontmanager.obj
c:\work\dview\vc2013_wx3\wexvc13wx3\win32\debug\pdffontparser.obj
c:\work\dview\vc2013_wx3\wexvc13wx3\win32\debug\pdffontparsertruetype.obj
c:\work\dview\vc2013_wx3\wexvc13wx3\win32\debug\pdffontparsertype1.obj
c:\work\dview\vc2013_wx3\wexvc13wx3\win32\debug\pdffontsubsetcff.obj
c:\work\dview\vc2013_wx3\wexvc13wx3\win32\debug\pdffontsubsettruetype.obj
c:\work\dview\vc2013_wx3\wexvc13wx3\win32\debug\pdffontvolt.obj
c:\work\dview\vc2013_wx3\wexvc13wx3\win32\debug\pdfform.obj
c:\work\dview\vc2013_wx3\wexvc13wx3\win32\debug\pdfgradient.obj
c:\work\dview\vc2013_wx3\wexvc13wx3\win32\debug\pdfgraphics.obj
c:\work\dview\vc2013_wx3\wexvc13wx3\win32\debug\pdfimage.obj
c:\work\dview\vc2013_wx3\wexvc13wx3\win32\debug\pdfkernel.obj
c:\work\dview\vc2013_wx3\wexvc13wx3\win32\debug\pdflayer.obj
c:\work\dview\vc2013_wx3\wexvc13wx3\win32\debug\pdfobjects.obj
c:\work\dview\vc2013_wx3\wexvc13wx3\win32\debug\pdfocg.obj
c:\work\dview\vc2013_wx3\wexvc13wx3\win32\debug\pdfparser.obj
c:\work\dview\vc2013_wx3\wexvc13wx3\win32\debug\pdfpattern.obj
c:\work\dview\vc2013_wx3\wexvc13wx3\win32\debug\pdfprint.obj
c:\work\dview\vc2013_wx3\wexvc13wx3\win32\debug\pdfrijndael.obj
c:\work\dview\vc2013_wx3\wexvc13wx3\win32\debug\pdftemplate.obj
c:\work\dview\vc2013_wx3\wexvc13wx3\win32\debug\pdfutility.obj
c:\work\dview\vc2013_wx3\wexvc13wx3\win32\debug\pdfxml.obj
c:\work\dview\vc2013_wx3\wexvc13wx3\win32\debug\plaxis.obj
c:\work\dview\vc2013_wx3\wexvc13wx3\win32\debug\plbarplot.obj
c:\work\dview\vc2013_wx3\wexvc13wx3\win32\debug\plhistplot.obj
c:\work\dview\vc2013_wx3\wexvc13wx3\win32\debug\pllineplot.obj
c:\work\dview\vc2013_wx3\wexvc13wx3\win32\debug\plplotctrl.obj
c:\work\dview\vc2013_wx3\wexvc13wx3\win32\debug\plscatterplot.obj
c:\work\dview\vc2013_wx3\wexvc13wx3\win32\debug\uiform.obj
c:\work\dview\vc2013_wx3\wexvc13wx3\win32\debug\utils.obj
c:\work\dview\vc2013_wx3\wexvc13wx3\win32\debug\wexvc13wx3.tlog\cl.command.1.tlog
c:\work\dview\vc2013_wx3\wexvc13wx3\win32\debug\wexvc13wx3.tlog\cl.read.1.tlog
c:\work\dview\vc2013_wx3\wexvc13wx3\win32\debug\wexvc13wx3.tlog\cl.write.1.tlog
